2018-11-17 08:56:35.665 ERROR org.apache.curator.ConnectionState Line:200 - Connection timed out for connection string (192.168.1.180:2181) and timeout (15000) / elapsed (15194)
org.apache.curator.CuratorConnectionLossException: KeeperErrorCode = ConnectionLoss
	at org.apache.curator.ConnectionState.checkTimeouts(ConnectionState.java:197)
	at org.apache.curator.ConnectionState.getZooKeeper(ConnectionState.java:88)
	at org.apache.curator.CuratorZookeeperClient.getZooKeeper(CuratorZookeeperClient.java:116)
	at org.apache.curator.framework.imps.CuratorFrameworkImpl.getZooKeeper(CuratorFrameworkImpl.java:489)
	at org.apache.curator.framework.imps.CreateBuilderImpl$11.call(CreateBuilderImpl.java:721)
	at org.apache.curator.framework.imps.CreateBuilderImpl$11.call(CreateBuilderImpl.java:704)
	at org.apache.curator.RetryLoop.callWithRetry(RetryLoop.java:108)
	at org.apache.curator.framework.imps.CreateBuilderImpl.pathInForeground(CreateBuilderImpl.java:701)
	at org.apache.curator.framework.imps.CreateBuilderImpl.protectedPathInForeground(CreateBuilderImpl.java:477)
	at org.apache.curator.framework.imps.CreateBuilderImpl.forPath(CreateBuilderImpl.java:467)
	at org.apache.curator.framework.imps.CreateBuilderImpl.forPath(CreateBuilderImpl.java:447)
	at org.apache.curator.framework.imps.CreateBuilderImpl.forPath(CreateBuilderImpl.java:44)
	at org.apache.curator.framework.recipes.locks.StandardLockInternalsDriver.createsTheLock(StandardLockInternalsDriver.java:54)
	at org.apache.curator.framework.recipes.locks.LockInternals.attemptLock(LockInternals.java:217)
	at org.apache.curator.framework.recipes.locks.InterProcessMutex.internalLock(InterProcessMutex.java:232)
	at org.apache.curator.framework.recipes.locks.InterProcessMutex.acquire(InterProcessMutex.java:108)
	at com.wust.distributedlock.zookeeper.ZkLockUtil.acquire(ZkLockUtil.java:48)
	at com.wust.service.impl.SeckillDistributedServiceImpl.startZkLock(SeckillDistributedServiceImpl.java:93)
	at sun.reflect.NativeMethodAccessorImpl.invoke0(Native Method)
	at sun.reflect.NativeMethodAccessorImpl.invoke(NativeMethodAccessorImpl.java:62)
	at sun.reflect.DelegatingMethodAccessorImpl.invoke(DelegatingMethodAccessorImpl.java:43)
	at java.lang.reflect.Method.invoke(Method.java:498)
	at org.springframework.aop.support.AopUtils.invokeJoinpointUsingReflection(AopUtils.java:333)
	at org.springframework.aop.framework.ReflectiveMethodInvocation.invokeJoinpoint(ReflectiveMethodInvocation.java:190)
	at org.springframework.aop.framework.ReflectiveMethodInvocation.proceed(ReflectiveMethodInvocation.java:157)
	at org.springframework.transaction.interceptor.TransactionInterceptor$1.proceedWithInvocation(TransactionInterceptor.java:99)
	at org.springframework.transaction.interceptor.TransactionAspectSupport.invokeWithinTransaction(TransactionAspectSupport.java:282)
	at org.springframework.transaction.interceptor.TransactionInterceptor.invoke(TransactionInterceptor.java:96)
	at org.springframework.aop.framework.ReflectiveMethodInvocation.proceed(ReflectiveMethodInvocation.java:179)
	at org.springframework.aop.framework.JdkDynamicAopProxy.invoke(JdkDynamicAopProxy.java:213)
	at com.sun.proxy.$Proxy84.startZkLock(Unknown Source)
	at com.wust.web.SeckillDistributedController$2.run(SeckillDistributedController.java:83)
	at java.util.concurrent.ThreadPoolExecutor.runWorker(ThreadPoolExecutor.java:1149)
	at java.util.concurrent.ThreadPoolExecutor$Worker.run(ThreadPoolExecutor.java:624)
	at java.lang.Thread.run(Thread.java:748)
2018-11-17 08:56:35.672 ERROR org.apache.curator.ConnectionState Line:200 - Connection timed out for connection string (192.168.1.180:2181) and timeout (15000) / elapsed (15211)
org.apache.curator.CuratorConnectionLossException: KeeperErrorCode = ConnectionLoss
	at org.apache.curator.ConnectionState.checkTimeouts(ConnectionState.java:197)
	at org.apache.curator.ConnectionState.getZooKeeper(ConnectionState.java:88)
	at org.apache.curator.CuratorZookeeperClient.getZooKeeper(CuratorZookeeperClient.java:116)
	at org.apache.curator.framework.imps.CuratorFrameworkImpl.getZooKeeper(CuratorFrameworkImpl.java:489)
	at org.apache.curator.framework.imps.CreateBuilderImpl$11.call(CreateBuilderImpl.java:721)
	at org.apache.curator.framework.imps.CreateBuilderImpl$11.call(CreateBuilderImpl.java:704)
	at org.apache.curator.RetryLoop.callWithRetry(RetryLoop.java:108)
	at org.apache.curator.framework.imps.CreateBuilderImpl.pathInForeground(CreateBuilderImpl.java:701)
	at org.apache.curator.framework.imps.CreateBuilderImpl.protectedPathInForeground(CreateBuilderImpl.java:477)
	at org.apache.curator.framework.imps.CreateBuilderImpl.forPath(CreateBuilderImpl.java:467)
	at org.apache.curator.framework.imps.CreateBuilderImpl.forPath(CreateBuilderImpl.java:447)
	at org.apache.curator.framework.imps.CreateBuilderImpl.forPath(CreateBuilderImpl.java:44)
	at org.apache.curator.framework.recipes.locks.StandardLockInternalsDriver.createsTheLock(StandardLockInternalsDriver.java:54)
	at org.apache.curator.framework.recipes.locks.LockInternals.attemptLock(LockInternals.java:217)
	at org.apache.curator.framework.recipes.locks.InterProcessMutex.internalLock(InterProcessMutex.java:232)
	at org.apache.curator.framework.recipes.locks.InterProcessMutex.acquire(InterProcessMutex.java:108)
	at com.wust.distributedlock.zookeeper.ZkLockUtil.acquire(ZkLockUtil.java:48)
	at com.wust.service.impl.SeckillDistributedServiceImpl.startZkLock(SeckillDistributedServiceImpl.java:93)
	at sun.reflect.NativeMethodAccessorImpl.invoke0(Native Method)
	at sun.reflect.NativeMethodAccessorImpl.invoke(NativeMethodAccessorImpl.java:62)
	at sun.reflect.DelegatingMethodAccessorImpl.invoke(DelegatingMethodAccessorImpl.java:43)
	at java.lang.reflect.Method.invoke(Method.java:498)
	at org.springframework.aop.support.AopUtils.invokeJoinpointUsingReflection(AopUtils.java:333)
	at org.springframework.aop.framework.ReflectiveMethodInvocation.invokeJoinpoint(ReflectiveMethodInvocation.java:190)
	at org.springframework.aop.framework.ReflectiveMethodInvocation.proceed(ReflectiveMethodInvocation.java:157)
	at org.springframework.transaction.interceptor.TransactionInterceptor$1.proceedWithInvocation(TransactionInterceptor.java:99)
	at org.springframework.transaction.interceptor.TransactionAspectSupport.invokeWithinTransaction(TransactionAspectSupport.java:282)
	at org.springframework.transaction.interceptor.TransactionInterceptor.invoke(TransactionInterceptor.java:96)
	at org.springframework.aop.framework.ReflectiveMethodInvocation.proceed(ReflectiveMethodInvocation.java:179)
	at org.springframework.aop.framework.JdkDynamicAopProxy.invoke(JdkDynamicAopProxy.java:213)
	at com.sun.proxy.$Proxy84.startZkLock(Unknown Source)
	at com.wust.web.SeckillDistributedController$2.run(SeckillDistributedController.java:83)
	at java.util.concurrent.ThreadPoolExecutor.runWorker(ThreadPoolExecutor.java:1149)
	at java.util.concurrent.ThreadPoolExecutor$Worker.run(ThreadPoolExecutor.java:624)
	at java.lang.Thread.run(Thread.java:748)
2018-11-17 08:56:35.674 ERROR org.apache.curator.ConnectionState Line:200 - Connection timed out for connection string (192.168.1.180:2181) and timeout (15000) / elapsed (15214)
org.apache.curator.CuratorConnectionLossException: KeeperErrorCode = ConnectionLoss
	at org.apache.curator.ConnectionState.checkTimeouts(ConnectionState.java:197)
	at org.apache.curator.ConnectionState.getZooKeeper(ConnectionState.java:88)
	at org.apache.curator.CuratorZookeeperClient.getZooKeeper(CuratorZookeeperClient.java:116)
	at org.apache.curator.framework.imps.CuratorFrameworkImpl.getZooKeeper(CuratorFrameworkImpl.java:489)
	at org.apache.curator.framework.imps.CreateBuilderImpl$11.call(CreateBuilderImpl.java:721)
	at org.apache.curator.framework.imps.CreateBuilderImpl$11.call(CreateBuilderImpl.java:704)
	at org.apache.curator.RetryLoop.callWithRetry(RetryLoop.java:108)
	at org.apache.curator.framework.imps.CreateBuilderImpl.pathInForeground(CreateBuilderImpl.java:701)
	at org.apache.curator.framework.imps.CreateBuilderImpl.protectedPathInForeground(CreateBuilderImpl.java:477)
	at org.apache.curator.framework.imps.CreateBuilderImpl.forPath(CreateBuilderImpl.java:467)
	at org.apache.curator.framework.imps.CreateBuilderImpl.forPath(CreateBuilderImpl.java:447)
	at org.apache.curator.framework.imps.CreateBuilderImpl.forPath(CreateBuilderImpl.java:44)
	at org.apache.curator.framework.recipes.locks.StandardLockInternalsDriver.createsTheLock(StandardLockInternalsDriver.java:54)
	at org.apache.curator.framework.recipes.locks.LockInternals.attemptLock(LockInternals.java:217)
	at org.apache.curator.framework.recipes.locks.InterProcessMutex.internalLock(InterProcessMutex.java:232)
	at org.apache.curator.framework.recipes.locks.InterProcessMutex.acquire(InterProcessMutex.java:108)
	at com.wust.distributedlock.zookeeper.ZkLockUtil.acquire(ZkLockUtil.java:48)
	at com.wust.service.impl.SeckillDistributedServiceImpl.startZkLock(SeckillDistributedServiceImpl.java:93)
	at sun.reflect.NativeMethodAccessorImpl.invoke0(Native Method)
	at sun.reflect.NativeMethodAccessorImpl.invoke(NativeMethodAccessorImpl.java:62)
	at sun.reflect.DelegatingMethodAccessorImpl.invoke(DelegatingMethodAccessorImpl.java:43)
	at java.lang.reflect.Method.invoke(Method.java:498)
	at org.springframework.aop.support.AopUtils.invokeJoinpointUsingReflection(AopUtils.java:333)
	at org.springframework.aop.framework.ReflectiveMethodInvocation.invokeJoinpoint(ReflectiveMethodInvocation.java:190)
	at org.springframework.aop.framework.ReflectiveMethodInvocation.proceed(ReflectiveMethodInvocation.java:157)
	at org.springframework.transaction.interceptor.TransactionInterceptor$1.proceedWithInvocation(TransactionInterceptor.java:99)
	at org.springframework.transaction.interceptor.TransactionAspectSupport.invokeWithinTransaction(TransactionAspectSupport.java:282)
	at org.springframework.transaction.interceptor.TransactionInterceptor.invoke(TransactionInterceptor.java:96)
	at org.springframework.aop.framework.ReflectiveMethodInvocation.proceed(ReflectiveMethodInvocation.java:179)
	at org.springframework.aop.framework.JdkDynamicAopProxy.invoke(JdkDynamicAopProxy.java:213)
	at com.sun.proxy.$Proxy84.startZkLock(Unknown Source)
	at com.wust.web.SeckillDistributedController$2.run(SeckillDistributedController.java:83)
	at java.util.concurrent.ThreadPoolExecutor.runWorker(ThreadPoolExecutor.java:1149)
	at java.util.concurrent.ThreadPoolExecutor$Worker.run(ThreadPoolExecutor.java:624)
	at java.lang.Thread.run(Thread.java:748)
2018-11-17 08:56:35.677 ERROR org.apache.curator.ConnectionState Line:200 - Connection timed out for connection string (192.168.1.180:2181) and timeout (15000) / elapsed (15217)
org.apache.curator.CuratorConnectionLossException: KeeperErrorCode = ConnectionLoss
	at org.apache.curator.ConnectionState.checkTimeouts(ConnectionState.java:197)
	at org.apache.curator.ConnectionState.getZooKeeper(ConnectionState.java:88)
	at org.apache.curator.CuratorZookeeperClient.getZooKeeper(CuratorZookeeperClient.java:116)
	at org.apache.curator.framework.imps.CuratorFrameworkImpl.getZooKeeper(CuratorFrameworkImpl.java:489)
	at org.apache.curator.framework.imps.CreateBuilderImpl$11.call(CreateBuilderImpl.java:721)
	at org.apache.curator.framework.imps.CreateBuilderImpl$11.call(CreateBuilderImpl.java:704)
	at org.apache.curator.RetryLoop.callWithRetry(RetryLoop.java:108)
	at org.apache.curator.framework.imps.CreateBuilderImpl.pathInForeground(CreateBuilderImpl.java:701)
	at org.apache.curator.framework.imps.CreateBuilderImpl.protectedPathInForeground(CreateBuilderImpl.java:477)
	at org.apache.curator.framework.imps.CreateBuilderImpl.forPath(CreateBuilderImpl.java:467)
	at org.apache.curator.framework.imps.CreateBuilderImpl.forPath(CreateBuilderImpl.java:447)
	at org.apache.curator.framework.imps.CreateBuilderImpl.forPath(CreateBuilderImpl.java:44)
	at org.apache.curator.framework.recipes.locks.StandardLockInternalsDriver.createsTheLock(StandardLockInternalsDriver.java:54)
	at org.apache.curator.framework.recipes.locks.LockInternals.attemptLock(LockInternals.java:217)
	at org.apache.curator.framework.recipes.locks.InterProcessMutex.internalLock(InterProcessMutex.java:232)
	at org.apache.curator.framework.recipes.locks.InterProcessMutex.acquire(InterProcessMutex.java:108)
	at com.wust.distributedlock.zookeeper.ZkLockUtil.acquire(ZkLockUtil.java:48)
	at com.wust.service.impl.SeckillDistributedServiceImpl.startZkLock(SeckillDistributedServiceImpl.java:93)
	at sun.reflect.NativeMethodAccessorImpl.invoke0(Native Method)
	at sun.reflect.NativeMethodAccessorImpl.invoke(NativeMethodAccessorImpl.java:62)
	at sun.reflect.DelegatingMethodAccessorImpl.invoke(DelegatingMethodAccessorImpl.java:43)
	at java.lang.reflect.Method.invoke(Method.java:498)
	at org.springframework.aop.support.AopUtils.invokeJoinpointUsingReflection(AopUtils.java:333)
	at org.springframework.aop.framework.ReflectiveMethodInvocation.invokeJoinpoint(ReflectiveMethodInvocation.java:190)
	at org.springframework.aop.framework.ReflectiveMethodInvocation.proceed(ReflectiveMethodInvocation.java:157)
	at org.springframework.transaction.interceptor.TransactionInterceptor$1.proceedWithInvocation(TransactionInterceptor.java:99)
	at org.springframework.transaction.interceptor.TransactionAspectSupport.invokeWithinTransaction(TransactionAspectSupport.java:282)
	at org.springframework.transaction.interceptor.TransactionInterceptor.invoke(TransactionInterceptor.java:96)
	at org.springframework.aop.framework.ReflectiveMethodInvocation.proceed(ReflectiveMethodInvocation.java:179)
	at org.springframework.aop.framework.JdkDynamicAopProxy.invoke(JdkDynamicAopProxy.java:213)
	at com.sun.proxy.$Proxy84.startZkLock(Unknown Source)
	at com.wust.web.SeckillDistributedController$2.run(SeckillDistributedController.java:83)
	at java.util.concurrent.ThreadPoolExecutor.runWorker(ThreadPoolExecutor.java:1149)
	at java.util.concurrent.ThreadPoolExecutor$Worker.run(ThreadPoolExecutor.java:624)
	at java.lang.Thread.run(Thread.java:748)
2018-11-17 09:47:36.335 ERROR org.apache.curator.ConnectionState Line:200 - Connection timed out for connection string (192.168.1.180:2181) and timeout (15000) / elapsed (15436)
org.apache.curator.CuratorConnectionLossException: KeeperErrorCode = ConnectionLoss
	at org.apache.curator.ConnectionState.checkTimeouts(ConnectionState.java:197)
	at org.apache.curator.ConnectionState.getZooKeeper(ConnectionState.java:88)
	at org.apache.curator.CuratorZookeeperClient.getZooKeeper(CuratorZookeeperClient.java:116)
	at org.apache.curator.framework.imps.CuratorFrameworkImpl.getZooKeeper(CuratorFrameworkImpl.java:489)
	at org.apache.curator.framework.imps.CreateBuilderImpl$11.call(CreateBuilderImpl.java:721)
	at org.apache.curator.framework.imps.CreateBuilderImpl$11.call(CreateBuilderImpl.java:704)
	at org.apache.curator.RetryLoop.callWithRetry(RetryLoop.java:108)
	at org.apache.curator.framework.imps.CreateBuilderImpl.pathInForeground(CreateBuilderImpl.java:701)
	at org.apache.curator.framework.imps.CreateBuilderImpl.protectedPathInForeground(CreateBuilderImpl.java:477)
	at org.apache.curator.framework.imps.CreateBuilderImpl.forPath(CreateBuilderImpl.java:467)
	at org.apache.curator.framework.imps.CreateBuilderImpl.forPath(CreateBuilderImpl.java:447)
	at org.apache.curator.framework.imps.CreateBuilderImpl.forPath(CreateBuilderImpl.java:44)
	at org.apache.curator.framework.recipes.locks.StandardLockInternalsDriver.createsTheLock(StandardLockInternalsDriver.java:54)
	at org.apache.curator.framework.recipes.locks.LockInternals.attemptLock(LockInternals.java:217)
	at org.apache.curator.framework.recipes.locks.InterProcessMutex.internalLock(InterProcessMutex.java:232)
	at org.apache.curator.framework.recipes.locks.InterProcessMutex.acquire(InterProcessMutex.java:108)
	at com.wust.distributedlock.zookeeper.ZkLockUtil.acquire(ZkLockUtil.java:48)
	at com.wust.service.impl.SeckillDistributedServiceImpl.startZkLock(SeckillDistributedServiceImpl.java:93)
	at sun.reflect.NativeMethodAccessorImpl.invoke0(Native Method)
	at sun.reflect.NativeMethodAccessorImpl.invoke(NativeMethodAccessorImpl.java:62)
	at sun.reflect.DelegatingMethodAccessorImpl.invoke(DelegatingMethodAccessorImpl.java:43)
	at java.lang.reflect.Method.invoke(Method.java:498)
	at org.springframework.aop.support.AopUtils.invokeJoinpointUsingReflection(AopUtils.java:333)
	at org.springframework.aop.framework.ReflectiveMethodInvocation.invokeJoinpoint(ReflectiveMethodInvocation.java:190)
	at org.springframework.aop.framework.ReflectiveMethodInvocation.proceed(ReflectiveMethodInvocation.java:157)
	at org.springframework.transaction.interceptor.TransactionInterceptor$1.proceedWithInvocation(TransactionInterceptor.java:99)
	at org.springframework.transaction.interceptor.TransactionAspectSupport.invokeWithinTransaction(TransactionAspectSupport.java:282)
	at org.springframework.transaction.interceptor.TransactionInterceptor.invoke(TransactionInterceptor.java:96)
	at org.springframework.aop.framework.ReflectiveMethodInvocation.proceed(ReflectiveMethodInvocation.java:179)
	at org.springframework.aop.framework.JdkDynamicAopProxy.invoke(JdkDynamicAopProxy.java:213)
	at com.sun.proxy.$Proxy84.startZkLock(Unknown Source)
	at com.wust.web.SeckillDistributedController$2.run(SeckillDistributedController.java:83)
	at java.util.concurrent.ThreadPoolExecutor.runWorker(ThreadPoolExecutor.java:1149)
	at java.util.concurrent.ThreadPoolExecutor$Worker.run(ThreadPoolExecutor.java:624)
	at java.lang.Thread.run(Thread.java:748)
2018-11-17 09:47:36.341 ERROR org.apache.curator.ConnectionState Line:200 - Connection timed out for connection string (192.168.1.180:2181) and timeout (15000) / elapsed (15456)
org.apache.curator.CuratorConnectionLossException: KeeperErrorCode = ConnectionLoss
	at org.apache.curator.ConnectionState.checkTimeouts(ConnectionState.java:197)
	at org.apache.curator.ConnectionState.getZooKeeper(ConnectionState.java:88)
	at org.apache.curator.CuratorZookeeperClient.getZooKeeper(CuratorZookeeperClient.java:116)
	at org.apache.curator.framework.imps.CuratorFrameworkImpl.getZooKeeper(CuratorFrameworkImpl.java:489)
	at org.apache.curator.framework.imps.CreateBuilderImpl$11.call(CreateBuilderImpl.java:721)
	at org.apache.curator.framework.imps.CreateBuilderImpl$11.call(CreateBuilderImpl.java:704)
	at org.apache.curator.RetryLoop.callWithRetry(RetryLoop.java:108)
	at org.apache.curator.framework.imps.CreateBuilderImpl.pathInForeground(CreateBuilderImpl.java:701)
	at org.apache.curator.framework.imps.CreateBuilderImpl.protectedPathInForeground(CreateBuilderImpl.java:477)
	at org.apache.curator.framework.imps.CreateBuilderImpl.forPath(CreateBuilderImpl.java:467)
	at org.apache.curator.framework.imps.CreateBuilderImpl.forPath(CreateBuilderImpl.java:447)
	at org.apache.curator.framework.imps.CreateBuilderImpl.forPath(CreateBuilderImpl.java:44)
	at org.apache.curator.framework.recipes.locks.StandardLockInternalsDriver.createsTheLock(StandardLockInternalsDriver.java:54)
	at org.apache.curator.framework.recipes.locks.LockInternals.attemptLock(LockInternals.java:217)
	at org.apache.curator.framework.recipes.locks.InterProcessMutex.internalLock(InterProcessMutex.java:232)
	at org.apache.curator.framework.recipes.locks.InterProcessMutex.acquire(InterProcessMutex.java:108)
	at com.wust.distributedlock.zookeeper.ZkLockUtil.acquire(ZkLockUtil.java:48)
	at com.wust.service.impl.SeckillDistributedServiceImpl.startZkLock(SeckillDistributedServiceImpl.java:93)
	at sun.reflect.NativeMethodAccessorImpl.invoke0(Native Method)
	at sun.reflect.NativeMethodAccessorImpl.invoke(NativeMethodAccessorImpl.java:62)
	at sun.reflect.DelegatingMethodAccessorImpl.invoke(DelegatingMethodAccessorImpl.java:43)
	at java.lang.reflect.Method.invoke(Method.java:498)
	at org.springframework.aop.support.AopUtils.invokeJoinpointUsingReflection(AopUtils.java:333)
	at org.springframework.aop.framework.ReflectiveMethodInvocation.invokeJoinpoint(ReflectiveMethodInvocation.java:190)
	at org.springframework.aop.framework.ReflectiveMethodInvocation.proceed(ReflectiveMethodInvocation.java:157)
	at org.springframework.transaction.interceptor.TransactionInterceptor$1.proceedWithInvocation(TransactionInterceptor.java:99)
	at org.springframework.transaction.interceptor.TransactionAspectSupport.invokeWithinTransaction(TransactionAspectSupport.java:282)
	at org.springframework.transaction.interceptor.TransactionInterceptor.invoke(TransactionInterceptor.java:96)
	at org.springframework.aop.framework.ReflectiveMethodInvocation.proceed(ReflectiveMethodInvocation.java:179)
	at org.springframework.aop.framework.JdkDynamicAopProxy.invoke(JdkDynamicAopProxy.java:213)
	at com.sun.proxy.$Proxy84.startZkLock(Unknown Source)
	at com.wust.web.SeckillDistributedController$2.run(SeckillDistributedController.java:83)
	at java.util.concurrent.ThreadPoolExecutor.runWorker(ThreadPoolExecutor.java:1149)
	at java.util.concurrent.ThreadPoolExecutor$Worker.run(ThreadPoolExecutor.java:624)
	at java.lang.Thread.run(Thread.java:748)
2018-11-17 09:47:36.343 ERROR org.apache.curator.ConnectionState Line:200 - Connection timed out for connection string (192.168.1.180:2181) and timeout (15000) / elapsed (15458)
org.apache.curator.CuratorConnectionLossException: KeeperErrorCode = ConnectionLoss
	at org.apache.curator.ConnectionState.checkTimeouts(ConnectionState.java:197)
	at org.apache.curator.ConnectionState.getZooKeeper(ConnectionState.java:88)
	at org.apache.curator.CuratorZookeeperClient.getZooKeeper(CuratorZookeeperClient.java:116)
	at org.apache.curator.framework.imps.CuratorFrameworkImpl.getZooKeeper(CuratorFrameworkImpl.java:489)
	at org.apache.curator.framework.imps.CreateBuilderImpl$11.call(CreateBuilderImpl.java:721)
	at org.apache.curator.framework.imps.CreateBuilderImpl$11.call(CreateBuilderImpl.java:704)
	at org.apache.curator.RetryLoop.callWithRetry(RetryLoop.java:108)
	at org.apache.curator.framework.imps.CreateBuilderImpl.pathInForeground(CreateBuilderImpl.java:701)
	at org.apache.curator.framework.imps.CreateBuilderImpl.protectedPathInForeground(CreateBuilderImpl.java:477)
	at org.apache.curator.framework.imps.CreateBuilderImpl.forPath(CreateBuilderImpl.java:467)
	at org.apache.curator.framework.imps.CreateBuilderImpl.forPath(CreateBuilderImpl.java:447)
	at org.apache.curator.framework.imps.CreateBuilderImpl.forPath(CreateBuilderImpl.java:44)
	at org.apache.curator.framework.recipes.locks.StandardLockInternalsDriver.createsTheLock(StandardLockInternalsDriver.java:54)
	at org.apache.curator.framework.recipes.locks.LockInternals.attemptLock(LockInternals.java:217)
	at org.apache.curator.framework.recipes.locks.InterProcessMutex.internalLock(InterProcessMutex.java:232)
	at org.apache.curator.framework.recipes.locks.InterProcessMutex.acquire(InterProcessMutex.java:108)
	at com.wust.distributedlock.zookeeper.ZkLockUtil.acquire(ZkLockUtil.java:48)
	at com.wust.service.impl.SeckillDistributedServiceImpl.startZkLock(SeckillDistributedServiceImpl.java:93)
	at sun.reflect.NativeMethodAccessorImpl.invoke0(Native Method)
	at sun.reflect.NativeMethodAccessorImpl.invoke(NativeMethodAccessorImpl.java:62)
	at sun.reflect.DelegatingMethodAccessorImpl.invoke(DelegatingMethodAccessorImpl.java:43)
	at java.lang.reflect.Method.invoke(Method.java:498)
	at org.springframework.aop.support.AopUtils.invokeJoinpointUsingReflection(AopUtils.java:333)
	at org.springframework.aop.framework.ReflectiveMethodInvocation.invokeJoinpoint(ReflectiveMethodInvocation.java:190)
	at org.springframework.aop.framework.ReflectiveMethodInvocation.proceed(ReflectiveMethodInvocation.java:157)
	at org.springframework.transaction.interceptor.TransactionInterceptor$1.proceedWithInvocation(TransactionInterceptor.java:99)
	at org.springframework.transaction.interceptor.TransactionAspectSupport.invokeWithinTransaction(TransactionAspectSupport.java:282)
	at org.springframework.transaction.interceptor.TransactionInterceptor.invoke(TransactionInterceptor.java:96)
	at org.springframework.aop.framework.ReflectiveMethodInvocation.proceed(ReflectiveMethodInvocation.java:179)
	at org.springframework.aop.framework.JdkDynamicAopProxy.invoke(JdkDynamicAopProxy.java:213)
	at com.sun.proxy.$Proxy84.startZkLock(Unknown Source)
	at com.wust.web.SeckillDistributedController$2.run(SeckillDistributedController.java:83)
	at java.util.concurrent.ThreadPoolExecutor.runWorker(ThreadPoolExecutor.java:1149)
	at java.util.concurrent.ThreadPoolExecutor$Worker.run(ThreadPoolExecutor.java:624)
	at java.lang.Thread.run(Thread.java:748)
2018-11-17 09:47:36.344 ERROR org.apache.curator.ConnectionState Line:200 - Connection timed out for connection string (192.168.1.180:2181) and timeout (15000) / elapsed (15459)
org.apache.curator.CuratorConnectionLossException: KeeperErrorCode = ConnectionLoss
	at org.apache.curator.ConnectionState.checkTimeouts(ConnectionState.java:197)
	at org.apache.curator.ConnectionState.getZooKeeper(ConnectionState.java:88)
	at org.apache.curator.CuratorZookeeperClient.getZooKeeper(CuratorZookeeperClient.java:116)
	at org.apache.curator.framework.imps.CuratorFrameworkImpl.getZooKeeper(CuratorFrameworkImpl.java:489)
	at org.apache.curator.framework.imps.CreateBuilderImpl$11.call(CreateBuilderImpl.java:721)
	at org.apache.curator.framework.imps.CreateBuilderImpl$11.call(CreateBuilderImpl.java:704)
	at org.apache.curator.RetryLoop.callWithRetry(RetryLoop.java:108)
	at org.apache.curator.framework.imps.CreateBuilderImpl.pathInForeground(CreateBuilderImpl.java:701)
	at org.apache.curator.framework.imps.CreateBuilderImpl.protectedPathInForeground(CreateBuilderImpl.java:477)
	at org.apache.curator.framework.imps.CreateBuilderImpl.forPath(CreateBuilderImpl.java:467)
	at org.apache.curator.framework.imps.CreateBuilderImpl.forPath(CreateBuilderImpl.java:447)
	at org.apache.curator.framework.imps.CreateBuilderImpl.forPath(CreateBuilderImpl.java:44)
	at org.apache.curator.framework.recipes.locks.StandardLockInternalsDriver.createsTheLock(StandardLockInternalsDriver.java:54)
	at org.apache.curator.framework.recipes.locks.LockInternals.attemptLock(LockInternals.java:217)
	at org.apache.curator.framework.recipes.locks.InterProcessMutex.internalLock(InterProcessMutex.java:232)
	at org.apache.curator.framework.recipes.locks.InterProcessMutex.acquire(InterProcessMutex.java:108)
	at com.wust.distributedlock.zookeeper.ZkLockUtil.acquire(ZkLockUtil.java:48)
	at com.wust.service.impl.SeckillDistributedServiceImpl.startZkLock(SeckillDistributedServiceImpl.java:93)
	at sun.reflect.NativeMethodAccessorImpl.invoke0(Native Method)
	at sun.reflect.NativeMethodAccessorImpl.invoke(NativeMethodAccessorImpl.java:62)
	at sun.reflect.DelegatingMethodAccessorImpl.invoke(DelegatingMethodAccessorImpl.java:43)
	at java.lang.reflect.Method.invoke(Method.java:498)
	at org.springframework.aop.support.AopUtils.invokeJoinpointUsingReflection(AopUtils.java:333)
	at org.springframework.aop.framework.ReflectiveMethodInvocation.invokeJoinpoint(ReflectiveMethodInvocation.java:190)
	at org.springframework.aop.framework.ReflectiveMethodInvocation.proceed(ReflectiveMethodInvocation.java:157)
	at org.springframework.transaction.interceptor.TransactionInterceptor$1.proceedWithInvocation(TransactionInterceptor.java:99)
	at org.springframework.transaction.interceptor.TransactionAspectSupport.invokeWithinTransaction(TransactionAspectSupport.java:282)
	at org.springframework.transaction.interceptor.TransactionInterceptor.invoke(TransactionInterceptor.java:96)
	at org.springframework.aop.framework.ReflectiveMethodInvocation.proceed(ReflectiveMethodInvocation.java:179)
	at org.springframework.aop.framework.JdkDynamicAopProxy.invoke(JdkDynamicAopProxy.java:213)
	at com.sun.proxy.$Proxy84.startZkLock(Unknown Source)
	at com.wust.web.SeckillDistributedController$2.run(SeckillDistributedController.java:83)
	at java.util.concurrent.ThreadPoolExecutor.runWorker(ThreadPoolExecutor.java:1149)
	at java.util.concurrent.ThreadPoolExecutor$Worker.run(ThreadPoolExecutor.java:624)
	at java.lang.Thread.run(Thread.java:748)
